<?xml version="1.0" encoding="UTF-8"?>
<!-- Generated by org.testng.reporters.JUnitReportReporter -->
<testsuite skipped="0" hostname="Anweshs-MacBook-Pro.local" name="tours.SignOnTestCase" tests="3" failures="0" timestamp="2020-04-22T22:02:45 IST" time="21.467" errors="0">
  <testcase name="signOnPage" time="6.802" classname="tours.SignOnTestCase"/>
  <system-out/>
  <testcase name="signOnPage" time="7.230" classname="tours.SignOnTestCase"/>
  <system-out/>
  <testcase name="signOnPage" time="7.435" classname="tours.SignOnTestCase"/>
  <system-out/>
</testsuite> <!-- tours.SignOnTestCase -->
