<?xml version="1.0" encoding="UTF-8"?>
<!-- Generated by org.testng.reporters.JUnitReportReporter -->
<testsuite skipped="0" hostname="Anweshs-MacBook-Pro.local" name="tours.RoundTripTestCase" tests="2" failures="0" timestamp="2020-04-22T22:02:45 IST" time="7.116" errors="0">
  <testcase name="login" time="4.047" classname="tours.RoundTripTestCase"/>
  <system-out/>
  <testcase name="RoundTrip" time="3.069" classname="tours.RoundTripTestCase"/>
  <system-out/>
</testsuite> <!-- tours.RoundTripTestCase -->
