<?xml version="1.0" encoding="UTF-8"?>
<!-- Generated by org.testng.reporters.JUnitReportReporter -->
<testsuite skipped="0" hostname="Anweshs-MacBook-Pro.local" name="tours.RegisterTestCase" tests="3" failures="0" timestamp="2020-04-22T22:02:45 IST" time="28.259" errors="0">
  <testcase name="registerPage" time="9.257" classname="tours.RegisterTestCase"/>
  <system-out/>
  <testcase name="registerPage" time="8.988" classname="tours.RegisterTestCase"/>
  <system-out/>
  <testcase name="registerPage" time="10.014" classname="tours.RegisterTestCase"/>
  <system-out/>
</testsuite> <!-- tours.RegisterTestCase -->
