<?xml version="1.0" encoding="UTF-8"?>
<!-- Generated by org.testng.reporters.JUnitReportReporter -->
<testsuite skipped="0" hostname="Anweshs-MacBook-Pro.local" name="tours.OneWaytripTestCase" tests="2" failures="0" timestamp="2020-04-22T22:02:45 IST" time="7.431" errors="0">
  <testcase name="oneWayTrip" time="3.526" classname="tours.OneWaytripTestCase"/>
  <system-out/>
  <testcase name="login" time="3.905" classname="tours.OneWaytripTestCase"/>
  <system-out/>
</testsuite> <!-- tours.OneWaytripTestCase -->
