<?xml version="1.0" encoding="UTF-8"?>
<!-- Generated by org.testng.reporters.JUnitReportReporter -->
<testsuite skipped="0" hostname="Anweshs-MacBook-Pro.local" name="tours.RegisterTestCase" tests="3" failures="0" timestamp="2020-04-22T03:21:12 IST" time="12.426" errors="0">
  <testcase name="registerPage" time="3.519" classname="tours.RegisterTestCase"/>
  <system-out/>
  <testcase name="registerPage" time="5.538" classname="tours.RegisterTestCase"/>
  <system-out/>
  <testcase name="registerPage" time="3.369" classname="tours.RegisterTestCase"/>
  <system-out/>
</testsuite> <!-- tours.RegisterTestCase -->
