<?xml version="1.0" encoding="UTF-8"?>
<!-- Generated by org.testng.reporters.JUnitReportReporter -->
<testsuite skipped="0" hostname="Anweshs-MacBook-Pro.local" name="tours.Sample" tests="1" failures="0" timestamp="2020-04-21T20:28:35 IST" time="23.589" errors="0">
  <testcase name="dontKnow" time="23.589" classname="tours.Sample"/>
  <system-out/>
</testsuite> <!-- tours.Sample -->
